0 info it worked if it ends with ok
1 verbose cli [ '/home/mylescaley/Downloads/node-v0.10.36-linux-x64/bin/node',
1 verbose cli   '/home/mylescaley/Downloads/node-v0.10.36-linux-x64/bin/npm',
1 verbose cli   'install' ]
2 info using npm@1.4.28
3 info using node@v0.10.36
4 error install Couldn't read dependencies
5 error Failed to parse json
5 error Unexpected string
6 error File: /home/mylescaley/cooktop/package.json
7 error Failed to parse package.json data.
7 error package.json must be actual JSON, not just JavaScript.
7 error
7 error This is not a bug in npm.
7 error Tell the package author to fix their package.json file. JSON.parse
8 error System Linux 3.16.0-30-generic
9 error command "/home/mylescaley/Downloads/node-v0.10.36-linux-x64/bin/node" "/home/mylescaley/Downloads/node-v0.10.36-linux-x64/bin/npm" "install"
10 error cwd /home/mylescaley/cooktop
11 error node -v v0.10.36
12 error npm -v 1.4.28
13 error file /home/mylescaley/cooktop/package.json
14 error code EJSONPARSE
15 verbose exit [ 1, true ]
